ON Tue Aug 15 20:28:23 +07 2017
room/1 20 second
OFF Tue Aug 15 20:28:43 +07 2017
ON Tue Aug 15 20:29:56 +07 2017
room/1 20 second
OFF Tue Aug 15 20:30:16 +07 2017
ON Wed Aug 16 09:18:42 +07 2017
room/1 10 second
OFF Wed Aug 16 09:18:52 +07 2017
Error: Connection refused
Error: Connection refused
Error: Connection refused
Error: Connection refused
Error: Connection refused
Error: Connection refused
Error: Connection refused
Error: Connection refused
Error: Connection refused
Error: Connection refused
Error: Connection refused
Error: Connection refused
Error: Connection refused
Error: Connection refused
Error: Connection refused
Error: Connection refused
Error: Connection refused
Error: Connection refused
Error: Connection refused
Error: Connection refused
Error: Connection refused
Error: Connection refused
Error: Connection refused
Error: Connection refused
Error: Connection refused
Error: Connection refused
Error: Connection refused
Error: Connection refused
Error: Connection refused
Error: Connection refused
Error: Connection refused
Error: Connection refused
Error: Connection refused
Error: Connection refused
Error: Connection refused
Error: Connection refused
Error: Connection refused
Error: Connection refused
Error: Connection refused
Error: Connection refused
Error: Connection refused
Error: Connection refused
Error: Connection refused
Error: Connection refused
Error: Connection refused
Error: Connection refused
Error: Connection refused
Error: Connection refused
Error: Connection refused
Error: Connection refused
Error: Connection refused
Error: Connection refused
Error: Connection refused
Error: Connection refused
Error: Connection refused
Error: Connection refused
Error: Connection refused
Error: Connection refused
Error: Connection refused
Error: Connection refused
Error: Connection refused
Error: Connection refused
Error: Connection refused
Error: Connection refused
Error: Connection refused
Error: Connection refused
Error: Connection refused
Error: Connection refused
Error: Connection refused
Error: Connection refused
Error: Connection refused
Error: Connection refused
Error: Connection refused
Error: Connection refused
Error: Connection refused
Error: Connection refused
Error: Connection refused
Error: Connection refused
Error: Connection refused
Error: Connection refused
Error: Connection refused
Error: Connection refused
Error: Connection refused
Error: Connection refused
Error: Connection refused
Error: Connection refused
Error: Connection refused
Error: Connection refused
Error: Connection refused
Error: Connection refused
Error: Connection refused
Error: Connection refused
Error: Connection refused
Error: Connection refused
Error: Connection refused
Error: Connection refused
Error: Connection refused
Error: Connection refused
Error: Connection refused
Error: Connection refused
Error: Connection refused
Error: Connection refused
Error: Connection refused
Error: Connection refused
Error: Connection refused
Error: Connection refused
Error: Connection refused
Error: Connection refused
Error: Connection refused
Error: Connection refused
Error: Connection refused
Error: Connection refused
Error: Connection refused
Error: Connection refused
Error: Connection refused
Error: Connection refused
Error: Connection refused
Error: Connection refused
Error: Connection refused
Error: Connection refused
Error: Connection refused
Error: Connection refused
Error: Connection refused
Error: Connection refused
Error: Connection refused
Error: Connection refused
Error: Connection refused
Error: Connection refused
Error: Connection refused
Error: Connection refused
Error: Connection refused
Error: Connection refused
Error: Connection refused
Error: Connection refused
Error: Connection refused
Error: Connection refused
Error: Connection refused
Error: Connection refused
Error: Connection refused
Error: Connection refused
Error: Connection refused
Error: Connection refused
Error: Connection refused
Error: Connection refused
Error: Connection refused
Error: Connection refused
Error: Connection refused
Error: Connection refused
Error: Connection refused
Error: Connection refused
Error: Connection refused
Error: Connection refused
Error: Connection refused
Error: Connection refused
Error: Connection refused
Error: Connection refused
Error: Connection refused
Error: Connection refused
Error: Connection refused
Error: Connection refused
Error: Connection refused
Error: Connection refused
Error: Connection refused
Error: Connection refused
Error: Connection refused
Error: Connection refused
Error: Connection refused
Error: Connection refused
Error: Connection refused
Error: Connection refused
Error: Connection refused
Error: Connection refused
Error: Connection refused
Error: Connection refused
Error: Connection refused
Error: Connection refused
Error: Connection refused
Error: Connection refused
Error: Connection refused
Error: Connection refused
Error: Connection refused
Error: Connection refused
Error: Connection refused
Error: Connection refused
Error: Connection refused
Error: Connection refused
Error: Connection refused
Error: Connection refused
Error: Connection refused
Error: Connection refused
Error: Connection refused
Error: Connection refused
Error: Connection refused
Error: Connection refused
Error: Connection refused
Error: Connection refused
Error: Connection refused
Error: Connection refused
Error: Connection refused
Error: Connection refused
Error: Connection refused
Error: Connection refused
Error: Connection refused
Error: Connection refused
Error: Connection refused
Error: Connection refused
Error: Connection refused
Error: Connection refused
Error: Connection refused
Error: Connection refused
Error: Connection refused
Error: Connection refused
Error: Connection refused
Error: Connection refused
Error: Connection refused
